{"/Users/alamelu/xspace/responsive-ui-table/src/App.js": {"path":"/Users/alamelu/xspace/responsive-ui-table/src/App.js","statementMap":{"0":{"start":{"line":7,"column":19},"end":{"line":27,"column":2}},"1":{"start":{"line":29,"column":17},"end":{"line":53,"column":2}},"2":{"start":{"line":56,"column":2},"end":{"line":68,"column":3}}},"fnMap":{"0":{"name":"App","decl":{"start":{"line":55,"column":9},"end":{"line":55,"column":12}},"loc":{"start":{"line":55,"column":15},"end":{"line":69,"column":1}},"line":55}},"branchMap":{},"s":{"0":0,"1":0,"2":0},"f":{"0":0},"b":{}}
,"/Users/alamelu/xspace/responsive-ui-table/src/index.js": {"path":"/Users/alamelu/xspace/responsive-ui-table/src/index.js","statementMap":{"0":{"start":{"line":6,"column":13},"end":{"line":9,"column":3}},"1":{"start":{"line":11,"column":0},"end":{"line":15,"column":2}}},"fnMap":{},"branchMap":{},"s":{"0":0,"1":0},"f":{},"b":{}}
,"/Users/alamelu/xspace/responsive-ui-table/src/components/index.js": {"path":"/Users/alamelu/xspace/responsive-ui-table/src/components/index.js","statementMap":{},"fnMap":{},"branchMap":{},"s":{},"f":{},"b":{}}
,"/Users/alamelu/xspace/responsive-ui-table/src/components/ErrorHandler/ErrorHandler.js": {"path":"/Users/alamelu/xspace/responsive-ui-table/src/components/ErrorHandler/ErrorHandler.js","statementMap":{"0":{"start":{"line":5,"column":4},"end":{"line":5,"column":16}},"1":{"start":{"line":6,"column":4},"end":{"line":6,"column":49}},"2":{"start":{"line":11,"column":4},"end":{"line":14,"column":6}},"3":{"start":{"line":19,"column":4},"end":{"line":31,"column":5}},"4":{"start":{"line":21,"column":6},"end":{"line":30,"column":7}},"5":{"start":{"line":33,"column":4},"end":{"line":33,"column":30}}},"fnMap":{"0":{"name":"(anonymous_0)","decl":{"start":{"line":4,"column":2},"end":{"line":4,"column":3}},"loc":{"start":{"line":4,"column":21},"end":{"line":7,"column":3}},"line":4},"1":{"name":"(anonymous_1)","decl":{"start":{"line":9,"column":2},"end":{"line":9,"column":3}},"loc":{"start":{"line":9,"column":38},"end":{"line":16,"column":3}},"line":9},"2":{"name":"(anonymous_2)","decl":{"start":{"line":18,"column":2},"end":{"line":18,"column":3}},"loc":{"start":{"line":18,"column":11},"end":{"line":34,"column":3}},"line":18}},"branchMap":{"0":{"loc":{"start":{"line":19,"column":4},"end":{"line":31,"column":5}},"type":"if","locations":[{"start":{"line":19,"column":4},"end":{"line":31,"column":5}},{"start":{},"end":{}}],"line":19},"1":{"loc":{"start":{"line":25,"column":13},"end":{"line":25,"column":60}},"type":"binary-expr","locations":[{"start":{"line":25,"column":13},"end":{"line":25,"column":29}},{"start":{"line":25,"column":33},"end":{"line":25,"column":60}}],"line":25}},"s":{"0":0,"1":0,"2":0,"3":0,"4":0,"5":0},"f":{"0":0,"1":0,"2":0},"b":{"0":[0,0],"1":[0,0]}}
,"/Users/alamelu/xspace/responsive-ui-table/src/components/ErrorHandler/index.js": {"path":"/Users/alamelu/xspace/responsive-ui-table/src/components/ErrorHandler/index.js","statementMap":{},"fnMap":{},"branchMap":{},"s":{},"f":{},"b":{}}
,"/Users/alamelu/xspace/responsive-ui-table/src/components/ResponsiveUiTable/ResponsiveUiTable.js": {"path":"/Users/alamelu/xspace/responsive-ui-table/src/components/ResponsiveUiTable/ResponsiveUiTable.js","statementMap":{"0":{"start":{"line":7,"column":55},"end":{"line":7,"column":60}},"1":{"start":{"line":9,"column":2},"end":{"line":11,"column":3}},"2":{"start":{"line":10,"column":4},"end":{"line":10,"column":29}},"3":{"start":{"line":13,"column":2},"end":{"line":23,"column":3}}},"fnMap":{"0":{"name":"ResponsiveUiTable","decl":{"start":{"line":6,"column":24},"end":{"line":6,"column":41}},"loc":{"start":{"line":6,"column":49},"end":{"line":24,"column":1}},"line":6}},"branchMap":{"0":{"loc":{"start":{"line":7,"column":10},"end":{"line":7,"column":23}},"type":"default-arg","locations":[{"start":{"line":7,"column":21},"end":{"line":7,"column":23}}],"line":7},"1":{"loc":{"start":{"line":7,"column":25},"end":{"line":7,"column":50}},"type":"default-arg","locations":[{"start":{"line":7,"column":46},"end":{"line":7,"column":50}}],"line":7},"2":{"loc":{"start":{"line":9,"column":2},"end":{"line":11,"column":3}},"type":"if","locations":[{"start":{"line":9,"column":2},"end":{"line":11,"column":3}},{"start":{},"end":{}}],"line":9},"3":{"loc":{"start":{"line":9,"column":6},"end":{"line":9,"column":49}},"type":"binary-expr","locations":[{"start":{"line":9,"column":6},"end":{"line":9,"column":27}},{"start":{"line":9,"column":31},"end":{"line":9,"column":49}}],"line":9}},"s":{"0":1,"1":1,"2":1,"3":0},"f":{"0":1},"b":{"0":[1],"1":[0],"2":[1,0],"3":[1,1]},"_coverageSchema":"1a1c01bbd47fc00a2c39e90264f33305004495a9","hash":"f90840c96d8c3fb867b28d883aaf3e88b2a6cf5b"}
,"/Users/alamelu/xspace/responsive-ui-table/src/components/ResponsiveUiTable/TableHeader.js": {"path":"/Users/alamelu/xspace/responsive-ui-table/src/components/ResponsiveUiTable/TableHeader.js","statementMap":{"0":{"start":{"line":5,"column":25},"end":{"line":5,"column":49}},"1":{"start":{"line":7,"column":2},"end":{"line":16,"column":3}},"2":{"start":{"line":10,"column":36},"end":{"line":10,"column":45}},"3":{"start":{"line":11,"column":8},"end":{"line":13,"column":9}}},"fnMap":{"0":{"name":"TableHeader","decl":{"start":{"line":4,"column":24},"end":{"line":4,"column":35}},"loc":{"start":{"line":4,"column":38},"end":{"line":17,"column":1}},"line":4},"1":{"name":"(anonymous_1)","decl":{"start":{"line":9,"column":22},"end":{"line":9,"column":23}},"loc":{"start":{"line":9,"column":35},"end":{"line":14,"column":7}},"line":9}},"branchMap":{},"s":{"0":0,"1":0,"2":0,"3":0},"f":{"0":0,"1":0},"b":{},"_coverageSchema":"1a1c01bbd47fc00a2c39e90264f33305004495a9","hash":"a1a832d487641a5655c03510bf63978e42511852"}
,"/Users/alamelu/xspace/responsive-ui-table/src/components/ResponsiveUiTable/TableRows.js": {"path":"/Users/alamelu/xspace/responsive-ui-table/src/components/ResponsiveUiTable/TableRows.js","statementMap":{"0":{"start":{"line":5,"column":35},"end":{"line":5,"column":59}},"1":{"start":{"line":7,"column":2},"end":{"line":7,"column":37}},"2":{"start":{"line":8,"column":2},"end":{"line":27,"column":3}},"3":{"start":{"line":11,"column":8},"end":{"line":24,"column":9}},"4":{"start":{"line":14,"column":42},"end":{"line":14,"column":51}},"5":{"start":{"line":15,"column":31},"end":{"line":15,"column":50}},"6":{"start":{"line":16,"column":14},"end":{"line":21,"column":15}}},"fnMap":{"0":{"name":"TableRows","decl":{"start":{"line":4,"column":24},"end":{"line":4,"column":33}},"loc":{"start":{"line":4,"column":36},"end":{"line":28,"column":1}},"line":4},"1":{"name":"(anonymous_1)","decl":{"start":{"line":10,"column":20},"end":{"line":10,"column":21}},"loc":{"start":{"line":10,"column":27},"end":{"line":25,"column":7}},"line":10},"2":{"name":"(anonymous_2)","decl":{"start":{"line":13,"column":28},"end":{"line":13,"column":29}},"loc":{"start":{"line":13,"column":41},"end":{"line":22,"column":13}},"line":13}},"branchMap":{"0":{"loc":{"start":{"line":15,"column":31},"end":{"line":15,"column":50}},"type":"binary-expr","locations":[{"start":{"line":15,"column":31},"end":{"line":15,"column":44}},{"start":{"line":15,"column":48},"end":{"line":15,"column":50}}],"line":15}},"s":{"0":0,"1":0,"2":0,"3":0,"4":0,"5":0,"6":0},"f":{"0":0,"1":0,"2":0},"b":{"0":[0,0]},"_coverageSchema":"1a1c01bbd47fc00a2c39e90264f33305004495a9","hash":"3d18511a7455b59f3cfd4c437935216e415a5a88"}
,"/Users/alamelu/xspace/responsive-ui-table/src/components/ResponsiveUiTable/context.js": {"path":"/Users/alamelu/xspace/responsive-ui-table/src/components/ResponsiveUiTable/context.js","statementMap":{"0":{"start":{"line":3,"column":28},"end":{"line":3,"column":43}}},"fnMap":{},"branchMap":{},"s":{"0":1},"f":{},"b":{},"_coverageSchema":"1a1c01bbd47fc00a2c39e90264f33305004495a9","hash":"d75b1ce382a2e5c2cac2087ededa611693c9a0c4"}
,"/Users/alamelu/xspace/responsive-ui-table/src/components/ResponsiveUiTable/index.js": {"path":"/Users/alamelu/xspace/responsive-ui-table/src/components/ResponsiveUiTable/index.js","statementMap":{},"fnMap":{},"branchMap":{},"s":{},"f":{},"b":{},"_coverageSchema":"1a1c01bbd47fc00a2c39e90264f33305004495a9","hash":"966202a07a546cecd64bac60d4feb19a61aa96c6"}
,"/Users/alamelu/xspace/responsive-ui-table/src/stories/Button.jsx": {"path":"/Users/alamelu/xspace/responsive-ui-table/src/stories/Button.jsx","statementMap":{"0":{"start":{"line":8,"column":22},"end":{"line":20,"column":1}},"1":{"start":{"line":9,"column":15},"end":{"line":9,"column":84}},"2":{"start":{"line":10,"column":2},"end":{"line":19,"column":4}},"3":{"start":{"line":22,"column":0},"end":{"line":43,"column":2}},"4":{"start":{"line":45,"column":0},"end":{"line":50,"column":2}}},"fnMap":{"0":{"name":"(anonymous_0)","decl":{"start":{"line":8,"column":22},"end":{"line":8,"column":23}},"loc":{"start":{"line":8,"column":79},"end":{"line":20,"column":1}},"line":8}},"branchMap":{"0":{"loc":{"start":{"line":9,"column":15},"end":{"line":9,"column":84}},"type":"cond-expr","locations":[{"start":{"line":9,"column":25},"end":{"line":9,"column":52}},{"start":{"line":9,"column":55},"end":{"line":9,"column":84}}],"line":9},"1":{"loc":{"start":{"line":14,"column":13},"end":{"line":14,"column":51}},"type":"binary-expr","locations":[{"start":{"line":14,"column":13},"end":{"line":14,"column":28}},{"start":{"line":14,"column":32},"end":{"line":14,"column":51}}],"line":14}},"s":{"0":0,"1":0,"2":0,"3":0,"4":0},"f":{"0":0},"b":{"0":[0,0],"1":[0,0]}}
,"/Users/alamelu/xspace/responsive-ui-table/src/stories/Button.stories.jsx": {"path":"/Users/alamelu/xspace/responsive-ui-table/src/stories/Button.stories.jsx","statementMap":{"0":{"start":{"line":16,"column":17},"end":{"line":16,"column":47}},"1":{"start":{"line":16,"column":27},"end":{"line":16,"column":47}},"2":{"start":{"line":18,"column":23},"end":{"line":18,"column":40}},"3":{"start":{"line":20,"column":0},"end":{"line":23,"column":2}},"4":{"start":{"line":25,"column":25},"end":{"line":25,"column":42}},"5":{"start":{"line":26,"column":0},"end":{"line":28,"column":2}},"6":{"start":{"line":30,"column":21},"end":{"line":30,"column":38}},"7":{"start":{"line":31,"column":0},"end":{"line":34,"column":2}},"8":{"start":{"line":36,"column":21},"end":{"line":36,"column":38}},"9":{"start":{"line":37,"column":0},"end":{"line":40,"column":2}}},"fnMap":{"0":{"name":"(anonymous_0)","decl":{"start":{"line":16,"column":17},"end":{"line":16,"column":18}},"loc":{"start":{"line":16,"column":27},"end":{"line":16,"column":47}},"line":16}},"branchMap":{},"s":{"0":0,"1":0,"2":0,"3":0,"4":0,"5":0,"6":0,"7":0,"8":0,"9":0},"f":{"0":0},"b":{}}
,"/Users/alamelu/xspace/responsive-ui-table/src/stories/Header.jsx": {"path":"/Users/alamelu/xspace/responsive-ui-table/src/stories/Header.jsx","statementMap":{"0":{"start":{"line":7,"column":22},"end":{"line":46,"column":1}},"1":{"start":{"line":8,"column":2},"end":{"line":45,"column":11}},"2":{"start":{"line":48,"column":0},"end":{"line":53,"column":2}},"3":{"start":{"line":55,"column":0},"end":{"line":57,"column":2}}},"fnMap":{"0":{"name":"(anonymous_0)","decl":{"start":{"line":7,"column":22},"end":{"line":7,"column":23}},"loc":{"start":{"line":8,"column":2},"end":{"line":45,"column":11}},"line":8}},"branchMap":{"0":{"loc":{"start":{"line":30,"column":9},"end":{"line":42,"column":9}},"type":"cond-expr","locations":[{"start":{"line":31,"column":10},"end":{"line":36,"column":13}},{"start":{"line":38,"column":10},"end":{"line":41,"column":13}}],"line":30}},"s":{"0":0,"1":0,"2":0,"3":0},"f":{"0":0},"b":{"0":[0,0]}}
,"/Users/alamelu/xspace/responsive-ui-table/src/stories/Header.stories.jsx": {"path":"/Users/alamelu/xspace/responsive-ui-table/src/stories/Header.stories.jsx","statementMap":{"0":{"start":{"line":14,"column":17},"end":{"line":14,"column":47}},"1":{"start":{"line":14,"column":27},"end":{"line":14,"column":47}},"2":{"start":{"line":16,"column":24},"end":{"line":16,"column":41}},"3":{"start":{"line":17,"column":0},"end":{"line":21,"column":2}},"4":{"start":{"line":23,"column":25},"end":{"line":23,"column":42}},"5":{"start":{"line":24,"column":0},"end":{"line":24,"column":20}}},"fnMap":{"0":{"name":"(anonymous_0)","decl":{"start":{"line":14,"column":17},"end":{"line":14,"column":18}},"loc":{"start":{"line":14,"column":27},"end":{"line":14,"column":47}},"line":14}},"branchMap":{},"s":{"0":0,"1":0,"2":0,"3":0,"4":0,"5":0},"f":{"0":0},"b":{}}
,"/Users/alamelu/xspace/responsive-ui-table/src/stories/Page.jsx": {"path":"/Users/alamelu/xspace/responsive-ui-table/src/stories/Page.jsx","statementMap":{"0":{"start":{"line":6,"column":20},"end":{"line":69,"column":1}},"1":{"start":{"line":7,"column":26},"end":{"line":7,"column":42}},"2":{"start":{"line":9,"column":2},"end":{"line":68,"column":4}},"3":{"start":{"line":13,"column":23},"end":{"line":13,"column":52}},"4":{"start":{"line":14,"column":24},"end":{"line":14,"column":42}},"5":{"start":{"line":15,"column":31},"end":{"line":15,"column":60}}},"fnMap":{"0":{"name":"(anonymous_0)","decl":{"start":{"line":6,"column":20},"end":{"line":6,"column":21}},"loc":{"start":{"line":6,"column":26},"end":{"line":69,"column":1}},"line":6},"1":{"name":"(anonymous_1)","decl":{"start":{"line":13,"column":17},"end":{"line":13,"column":18}},"loc":{"start":{"line":13,"column":23},"end":{"line":13,"column":52}},"line":13},"2":{"name":"(anonymous_2)","decl":{"start":{"line":14,"column":18},"end":{"line":14,"column":19}},"loc":{"start":{"line":14,"column":24},"end":{"line":14,"column":42}},"line":14},"3":{"name":"(anonymous_3)","decl":{"start":{"line":15,"column":25},"end":{"line":15,"column":26}},"loc":{"start":{"line":15,"column":31},"end":{"line":15,"column":60}},"line":15}},"branchMap":{},"s":{"0":0,"1":0,"2":0,"3":0,"4":0,"5":0},"f":{"0":0,"1":0,"2":0,"3":0},"b":{}}
,"/Users/alamelu/xspace/responsive-ui-table/src/stories/Page.stories.jsx": {"path":"/Users/alamelu/xspace/responsive-ui-table/src/stories/Page.stories.jsx","statementMap":{"0":{"start":{"line":15,"column":17},"end":{"line":15,"column":45}},"1":{"start":{"line":15,"column":27},"end":{"line":15,"column":45}},"2":{"start":{"line":18,"column":25},"end":{"line":18,"column":42}},"3":{"start":{"line":20,"column":24},"end":{"line":20,"column":41}},"4":{"start":{"line":21,"column":0},"end":{"line":25,"column":2}},"5":{"start":{"line":22,"column":17},"end":{"line":22,"column":38}},"6":{"start":{"line":23,"column":22},"end":{"line":23,"column":75}},"7":{"start":{"line":24,"column":2},"end":{"line":24,"column":37}}},"fnMap":{"0":{"name":"(anonymous_0)","decl":{"start":{"line":15,"column":17},"end":{"line":15,"column":18}},"loc":{"start":{"line":15,"column":27},"end":{"line":15,"column":45}},"line":15},"1":{"name":"(anonymous_1)","decl":{"start":{"line":21,"column":16},"end":{"line":21,"column":17}},"loc":{"start":{"line":21,"column":45},"end":{"line":25,"column":1}},"line":21}},"branchMap":{},"s":{"0":0,"1":0,"2":0,"3":0,"4":0,"5":0,"6":0,"7":0},"f":{"0":0,"1":0},"b":{}}
,"/Users/alamelu/xspace/responsive-ui-table/src/stories/Table.stories.jsx": {"path":"/Users/alamelu/xspace/responsive-ui-table/src/stories/Table.stories.jsx","statementMap":{"0":{"start":{"line":15,"column":19},"end":{"line":35,"column":2}},"1":{"start":{"line":37,"column":17},"end":{"line":61,"column":2}},"2":{"start":{"line":64,"column":17},"end":{"line":64,"column":58}},"3":{"start":{"line":64,"column":27},"end":{"line":64,"column":58}},"4":{"start":{"line":66,"column":26},"end":{"line":66,"column":43}},"5":{"start":{"line":67,"column":0},"end":{"line":72,"column":2}},"6":{"start":{"line":74,"column":27},"end":{"line":74,"column":44}},"7":{"start":{"line":75,"column":0},"end":{"line":79,"column":2}},"8":{"start":{"line":81,"column":37},"end":{"line":81,"column":54}},"9":{"start":{"line":82,"column":0},"end":{"line":85,"column":2}},"10":{"start":{"line":87,"column":40},"end":{"line":87,"column":57}},"11":{"start":{"line":88,"column":0},"end":{"line":92,"column":2}},"12":{"start":{"line":94,"column":34},"end":{"line":94,"column":51}},"13":{"start":{"line":95,"column":0},"end":{"line":99,"column":2}}},"fnMap":{"0":{"name":"(anonymous_0)","decl":{"start":{"line":64,"column":17},"end":{"line":64,"column":18}},"loc":{"start":{"line":64,"column":27},"end":{"line":64,"column":58}},"line":64}},"branchMap":{},"s":{"0":0,"1":0,"2":0,"3":0,"4":0,"5":0,"6":0,"7":0,"8":0,"9":0,"10":0,"11":0,"12":0,"13":0},"f":{"0":0},"b":{}}
}
